<?xml version="1.0" encoding="UTF-8"?>
<!-- Generated by org.testng.reporters.JUnitXMLReporter -->
<testsuite ignored="1" hostname="DESKTOP-0JIPILE" failures="0" tests="5" name="groups" time="0.143" errors="0" timestamp="2023-02-27T16:11:03 IST">
  <testcase classname="test.test1" name="registration" time="0.012"/>
  <testcase classname="test.test1" name="homepage" time="0.003"/>
  <testcase classname="test.test2" name="homepage1" time="0.006"/>
  <testcase classname="test.test2" name="login1" time="0.002"/>
  <testcase classname="test.test3" name="window" time="0.008"/>
  <testcase classname="test.test1" name="login" time="0.0">
    <ignored/>
  </testcase> <!-- login -->
</testsuite> <!-- groups -->
