<?xml version="1.0" encoding="UTF-8"?>
<!-- Generated by org.testng.reporters.JUnitXMLReporter -->
<testsuite ignored="0" hostname="DESKTOP-0JIPILE" failures="1" tests="5" name="listeners" time="0.137" errors="0" timestamp="2023-02-27T16:21:04 IST">
  <testcase classname="test.test1" name="registration" time="0.015"/>
  <testcase classname="test.test1" name="login" time="0.004"/>
  <testcase classname="test.test2" name="homepage1" time="0.003"/>
  <testcase classname="test.test2" name="login1" time="0.004">
    <failure type="java.lang.Error" message="Unresolved compilation problem: 
	Unhandled exception type InterruptedException
">
      <![CDATA[java.lang.Error: Unresolved compilation problem: 
Unhandled exception type InterruptedException

at test.test2.login1(test2.java:13)
at java.base/java.util.ArrayList.forEach(ArrayList.java:1511)
... Removed 27 stack frames]]>
    </failure>
  </testcase> <!-- login1 -->
  <testcase classname="test.test3" name="window" time="0.003"/>
</testsuite> <!-- listeners -->
