<?xml version="1.0" encoding="UTF-8"?>
<!-- Generated by org.testng.reporters.JUnitXMLReporter -->
<testsuite ignored="0" hostname="DESKTOP-0JIPILE" failures="0" tests="5" name="parallel" time="0.122" errors="0" timestamp="2023-02-27T15:52:21 IST">
  <testcase classname="test.test1" name="registration" time="0.013"/>
  <testcase classname="test.test1" name="login" time="0.002"/>
  <testcase classname="test.test1" name="homepage" time="0.005"/>
  <testcase classname="test.test2" name="homepage1" time="0.004"/>
  <testcase classname="test.test2" name="login1" time="0.008"/>
</testsuite> <!-- parallel -->
