<?xml version="1.0" encoding="UTF-8"?>
<!-- Generated by org.testng.reporters.JUnitXMLReporter -->
<testsuite ignored="3" hostname="DESKTOP-0JIPILE" failures="0" tests="2" name="GRP-sanity" time="0.112" errors="0" timestamp="2023-02-27T15:58:47 IST">
  <testcase classname="test.test1" name="registration" time="0.013"/>
  <testcase classname="test.test2" name="homepage1" time="0.005"/>
  <testcase classname="test.test1" name="login" time="0.0">
    <ignored/>
  </testcase> <!-- login -->
  <testcase classname="test.test2" name="login1" time="0.0">
    <ignored/>
  </testcase> <!-- login1 -->
  <testcase classname="test.test1" name="homepage" time="0.0">
    <ignored/>
  </testcase> <!-- homepage -->
</testsuite> <!-- GRP-sanity -->
